This is pdfTeXk, Version 3.141592-1.40.3 (Web2C 7.5.6) (format=pdflatex 2010.9.29)  21 NOV 2010 21:48
entering extended mode
 %&-line parsing enabled.
**protokoll.tex
(./protokoll.tex
LaTeX2e <2005/12/01>
Babel <v3.8h> and hyphenation patterns for english, usenglishmax, dumylang, noh
yphenation, arabic, basque, bulgarian, coptic, welsh, czech, slovak, german, ng
erman, danish, esperanto, spanish, catalan, galician, estonian, farsi, finnish,
 french, greek, monogreek, ancientgreek, croatian, hungarian, interlingua, ibyc
us, indonesian, icelandic, italian, latin, mongolian, dutch, norsk, polish, por
tuguese, pinyin, romanian, russian, slovenian, uppersorbian, serbian, swedish, 
turkish, ukenglish, ukrainian, loaded.
(/usr/share/texmf/tex/latex/base/article.cls
Document Class: article 2005/09/16 v1.4f Standard LaTeX document class
(/usr/share/texmf/tex/latex/base/size10.clo
File: size10.clo 2005/09/16 v1.4f Standard LaTeX file (size option)
)
\c@part=\count79
\c@section=\count80
\c@subsection=\count81
\c@subsubsection=\count82
\c@paragraph=\count83
\c@subparagraph=\count84
\c@figure=\count85
\c@table=\count86
\abovecaptionskip=\skip41
\belowcaptionskip=\skip42
\bibindent=\dimen102
)
(/usr/share/texmf/tex/latex/base/inputenc.sty
Package: inputenc 2006/05/05 v1.1b Input encoding file
\inpenc@prehook=\toks14
\inpenc@posthook=\toks15

(/usr/share/texmf/tex/latex/ucs/utf8x.def
File: utf8x.def 2004/10/17 UCS: Input encoding UTF-8
))
(/usr/share/texmf/tex/latex/ucs/ucs.sty
Package: ucs 2004/10/17 UCS: Unicode input support

(/usr/share/texmf/tex/latex/ucs/data/uni-global.def
File: uni-global.def 2004/10/17 UCS: Unicode global data
)
\uc@secondtry=\count87
\uc@combtoks=\toks16
\uc@combtoksb=\toks17
\uc@temptokena=\toks18
)
(/usr/share/texmf/tex/generic/babel/babel.sty
Package: babel 2005/11/23 v3.8h The Babel package

(/usr/share/texmf/tex/generic/babel/ngermanb.ldf
Language: ngermanb 2004/02/20 v2.6m new German support from the babel system

(/usr/share/texmf/tex/generic/babel/babel.def
File: babel.def 2005/11/23 v3.8h Babel common definitions
\babel@savecnt=\count88
\U@D=\dimen103
)
\l@naustrian = a dialect from \language\l@ngerman 
Package babel Info: Making " an active character on input line 92.
))
(/usr/share/texmf/tex/latex/graphics/graphicx.sty
Package: graphicx 1999/02/16 v1.0f Enhanced LaTeX Graphics (DPC,SPQR)

(/usr/share/texmf/tex/latex/graphics/keyval.sty
Package: keyval 1999/03/16 v1.13 key=value parser (DPC)
\KV@toks@=\toks19
)
(/usr/share/texmf/tex/latex/graphics/graphics.sty
Package: graphics 2006/02/20 v1.0o Standard LaTeX Graphics (DPC,SPQR)

(/usr/share/texmf/tex/latex/graphics/trig.sty
Package: trig 1999/03/16 v1.09 sin cos tan (DPC)
)
(/usr/share/texmf/tex/latex/config/graphics.cfg
File: graphics.cfg 2007/01/18 v1.5 graphics configuration of teTeX/TeXLive
)
Package graphics Info: Driver file: pdftex.def on input line 90.

(/usr/share/texmf/tex/latex/pdftex-def/pdftex.def
File: pdftex.def 2007/01/08 v0.04d Graphics/color for pdfTeX
\Gread@gobject=\count89
))
\Gin@req@height=\dimen104
\Gin@req@width=\dimen105
)
(/usr/share/texmf/tex/latex/geometry/geometry.sty
Package: geometry 2002/07/08 v3.2 Page Geometry
\Gm@cnth=\count90
\Gm@cntv=\count91
\c@Gm@tempcnt=\count92
\Gm@bindingoffset=\dimen106
\Gm@wd@mp=\dimen107
\Gm@odd@mp=\dimen108
\Gm@even@mp=\dimen109
\Gm@dimlist=\toks20
)
(/usr/share/texmf/tex/latex/listings/listings.sty
\lst@mode=\count93
\lst@gtempboxa=\box26
\lst@token=\toks21
\lst@length=\count94
\lst@currlwidth=\dimen110
\lst@column=\count95
\lst@pos=\count96
\lst@lostspace=\dimen111
\lst@width=\dimen112
\lst@newlines=\count97
\lst@lineno=\count98
\c@lstlisting=\count99
\lst@maxwidth=\dimen113

(/usr/share/texmf/tex/latex/listings/lstpatch.sty
File: lstpatch.sty 2004/10/17 1.3b (Carsten Heinz)
)
(/usr/share/texmf/tex/latex/listings/lstmisc.sty
File: lstmisc.sty 2004/09/07 1.3 (Carsten Heinz)
\c@lstnumber=\count100
\lst@skipnumbers=\count101
\lst@framebox=\box27
)
(/usr/share/texmf/tex/latex/listings/listings.cfg
File: listings.cfg 2004/09/05 1.3 listings configuration
))
Package: listings 2004/10/17 1.3b (Carsten Heinz)

(/usr/share/texmf/tex/latex/hyperref/hyperref.sty
Package: hyperref 2007/02/07 v6.75r Hypertext links for LaTeX
\@linkdim=\dimen114
\Hy@linkcounter=\count102
\Hy@pagecounter=\count103

(/usr/share/texmf/tex/latex/hyperref/pd1enc.def
File: pd1enc.def 2007/02/07 v6.75r Hyperref: PDFDocEncoding definition (HO)
)
(/usr/share/texmf/tex/latex/config/hyperref.cfg
File: hyperref.cfg 2002/06/06 v1.2 hyperref configuration of TeXLive
)
(/usr/share/texmf/tex/latex/oberdiek/kvoptions.sty
Package: kvoptions 2006/08/22 v2.4 Connects package keyval with LaTeX options (
HO)
)
Package hyperref Info: Hyper figures OFF on input line 2288.
Package hyperref Info: Link nesting OFF on input line 2293.
Package hyperref Info: Hyper index ON on input line 2296.
Package hyperref Info: Plain pages OFF on input line 2303.
Package hyperref Info: Backreferencing OFF on input line 2308.

Implicit mode ON; LaTeX internals redefined
Package hyperref Info: Bookmarks ON on input line 2444.
(/usr/share/texmf/tex/latex/ltxmisc/url.sty
\Urlmuskip=\muskip10
Package: url 2005/06/27  ver 3.2  Verb mode for urls, etc.
)
LaTeX Info: Redefining \url on input line 2599.
\Fld@menulength=\count104
\Field@Width=\dimen115
\Fld@charsize=\dimen116
\Choice@toks=\toks22
\Field@toks=\toks23
Package hyperref Info: Hyper figures OFF on input line 3102.
Package hyperref Info: Link nesting OFF on input line 3107.
Package hyperref Info: Hyper index ON on input line 3110.
Package hyperref Info: backreferencing OFF on input line 3117.
Package hyperref Info: Link coloring OFF on input line 3122.
\Hy@abspage=\count105
\c@Item=\count106
\c@Hfootnote=\count107
)
*hyperref using default driver hpdftex*
(/usr/share/texmf/tex/latex/hyperref/hpdftex.def
File: hpdftex.def 2007/02/07 v6.75r Hyperref driver for pdfTeX
\Fld@listcount=\count108
)
Package hyperref Info: Option `colorlinks' set `true' on input line 18.
 (./protokoll.aux)
\openout1 = `protokoll.aux'.

LaTeX Font Info:    Checking defaults for OML/cmm/m/it on input line 28.
LaTeX Font Info:    ... okay on input line 28.
LaTeX Font Info:    Checking defaults for T1/cmr/m/n on input line 28.
LaTeX Font Info:    ... okay on input line 28.
LaTeX Font Info:    Checking defaults for OT1/cmr/m/n on input line 28.
LaTeX Font Info:    ... okay on input line 28.
LaTeX Font Info:    Checking defaults for OMS/cmsy/m/n on input line 28.
LaTeX Font Info:    ... okay on input line 28.
LaTeX Font Info:    Checking defaults for OMX/cmex/m/n on input line 28.
LaTeX Font Info:    ... okay on input line 28.
LaTeX Font Info:    Checking defaults for U/cmr/m/n on input line 28.
LaTeX Font Info:    ... okay on input line 28.
LaTeX Font Info:    Checking defaults for PD1/pdf/m/n on input line 28.
LaTeX Font Info:    ... okay on input line 28.

(/usr/share/texmf/tex/latex/ucs/ucsencs.def
File: ucsencs.def 2003/11/29 Fixes to fontencodings LGR, T3
)
-------------------- Geometry parameters
paper: a4paper
landscape: --
twocolumn: --
twoside: --
asymmetric: --
h-parts: 42.67912pt, 512.14963pt, 42.67912pt
v-parts: 28.45274pt, 759.6886pt, 56.9055pt
hmarginratio: --
vmarginratio: --
lines: --
heightrounded: --
bindingoffset: 0.0pt
truedimen: --
includehead: --
includefoot: --
includemp: --
driver: pdftex
-------------------- Page layout dimensions and switches
\paperwidth  597.50787pt
\paperheight 845.04684pt
\textwidth  512.14963pt
\textheight 759.6886pt
\oddsidemargin  -29.59087pt
\evensidemargin -29.59087pt
\topmargin  -80.81725pt
\headheight 12.0pt
\headsep    25.0pt
\footskip   30.0pt
\marginparwidth 57.0pt
\marginparsep   11.0pt
\columnsep  10.0pt
\skip\footins  9.0pt plus 4.0pt minus 2.0pt
\hoffset 0.0pt
\voffset 0.0pt
\mag 1000

(1in=72.27pt, 1cm=28.45pt)
-----------------------

(/usr/share/texmf/tex/latex/graphics/color.sty
Package: color 2005/11/14 v1.0j Standard LaTeX Color (DPC)

(/usr/share/texmf/tex/latex/config/color.cfg
File: color.cfg 2007/01/18 v1.5 color configuration of teTeX/TeXLive
)
Package color Info: Driver file: pdftex.def on input line 130.
)
Package hyperref Info: Link coloring ON on input line 28.

(/usr/share/texmf/tex/latex/hyperref/nameref.sty
Package: nameref 2006/12/27 v2.28 Cross-referencing by name of section

(/usr/share/texmf/tex/latex/oberdiek/refcount.sty
Package: refcount 2006/02/20 v3.0 Data extraction from references (HO)
)
\c@section@level=\count109
)
LaTeX Info: Redefining \ref on input line 28.
LaTeX Info: Redefining \pageref on input line 28.
 (./protokoll.out)
(./protokoll.out)
\@outlinefile=\write3
\openout3 = `protokoll.out'.

LaTeX Font Info:    External font `cmex10' loaded for size
(Font)              <12> on input line 31.
LaTeX Font Info:    External font `cmex10' loaded for size
(Font)              <8> on input line 31.
LaTeX Font Info:    External font `cmex10' loaded for size
(Font)              <6> on input line 31.
 (./protokoll.toc
LaTeX Font Info:    External font `cmex10' loaded for size
(Font)              <7> on input line 3.
LaTeX Font Info:    External font `cmex10' loaded for size
(Font)              <5> on input line 3.
)
\tf@toc=\write4
\openout4 = `protokoll.toc'.

 [1

{/usr/share/texmf/fonts/map/pdftex/updmap/pdftex.map}] (/usr/share/texmf/tex/la
tex/ucs/data/uni-0.def
File: uni-0.def 2004/10/17 UCS: Unicode data U+0000..U+00FF
) [2]
<hello-message.png, id=137, 345.29pt x 165.61874pt>
File: hello-message.png Graphic file (type png)
 <use hello-message.png>
[3] [4 <./hello-message.png>]
<loop-routing.png, id=159, 572.3784pt x 534.798pt>
File: loop-routing.png Graphic file (type png)
 <use loop-routing.png>
[5 <./loop-routing.png (PNG copy)>]
Overfull \hbox (21.46237pt too wide) in paragraph at lines 276--278
[]\OT1/cmr/m/n/10 Um die Sze-na-ri-en an-schau-li-cher zu be-schrei-ben las-sen
 sich die Sta-tis-ti-ken der Routing-Daemons ab-fra-gen. F[]ur B.A.T.M.A.N.
 []

(/usr/share/texmf/tex/latex/ucs/utf8x.def
File: utf8x.def 2004/10/17 UCS: Input encoding UTF-8
)
(/usr/share/texmf/tex/latex/ucs/utf8x.def
File: utf8x.def 2004/10/17 UCS: Input encoding UTF-8
)
(/usr/share/texmf/tex/latex/ucs/utf8x.def
File: utf8x.def 2004/10/17 UCS: Input encoding UTF-8
)
<1hop_olsr.png, id=167, 595.47469pt x 225.09094pt>
File: 1hop_olsr.png Graphic file (type png)
 <use 1hop_olsr.png>
<2hop_olsr.png, id=169, 597.73312pt x 225.84375pt>
File: 2hop_olsr.png Graphic file (type png)
 <use 2hop_olsr.png> [6]
(/usr/share/texmf/tex/latex/ucs/utf8x.def
File: utf8x.def 2004/10/17 UCS: Input encoding UTF-8
) [7 <./1hop_olsr.png (PNG copy)> <./2hop_olsr.png (PNG copy)>]
Overfull \hbox (8.99014pt too wide) in paragraph at lines 384--386
[]\OT1/cmr/m/n/10 Die Mes-sung mit-tels Ping er-gab einen Pa-ket-ver-lust von 5
%. An-schlie-^^Yend ha-ben wir die Pa-ket-ver-lus-te bzgl. B.A.T.M.A.N.
 []

(/usr/share/texmf/tex/latex/ucs/utf8x.def
File: utf8x.def 2004/10/17 UCS: Input encoding UTF-8
)
(/usr/share/texmf/tex/latex/ucs/utf8x.def
File: utf8x.def 2004/10/17 UCS: Input encoding UTF-8
) [8]
(/usr/share/texmf/tex/latex/ucs/utf8x.def
File: utf8x.def 2004/10/17 UCS: Input encoding UTF-8
)
(/usr/share/texmf/tex/latex/ucs/utf8x.def
File: utf8x.def 2004/10/17 UCS: Input encoding UTF-8
)
(/usr/share/texmf/tex/latex/ucs/utf8x.def
File: utf8x.def 2004/10/17 UCS: Input encoding UTF-8
) [9]
(/usr/share/texmf/tex/latex/ucs/utf8x.def
File: utf8x.def 2004/10/17 UCS: Input encoding UTF-8
)
(/usr/share/texmf/tex/latex/ucs/utf8x.def
File: utf8x.def 2004/10/17 UCS: Input encoding UTF-8
) [10]
(/usr/share/texmf/tex/latex/ucs/utf8x.def
File: utf8x.def 2004/10/17 UCS: Input encoding UTF-8
)
(/usr/share/texmf/tex/latex/ucs/utf8x.def
File: utf8x.def 2004/10/17 UCS: Input encoding UTF-8
) [11]
(/usr/share/texmf/tex/latex/ucs/utf8x.def
File: utf8x.def 2004/10/17 UCS: Input encoding UTF-8
) [12]
(/usr/share/texmf/tex/latex/ucs/utf8x.def
File: utf8x.def 2004/10/17 UCS: Input encoding UTF-8
)
(/usr/share/texmf/tex/latex/ucs/utf8x.def
File: utf8x.def 2004/10/17 UCS: Input encoding UTF-8
) [13]
(/usr/share/texmf/tex/latex/ucs/utf8x.def
File: utf8x.def 2004/10/17 UCS: Input encoding UTF-8
)
(/usr/share/texmf/tex/latex/ucs/utf8x.def
File: utf8x.def 2004/10/17 UCS: Input encoding UTF-8
) [14]
(/usr/share/texmf/tex/latex/ucs/utf8x.def
File: utf8x.def 2004/10/17 UCS: Input encoding UTF-8
) [15]
(/usr/share/texmf/tex/latex/ucs/utf8x.def
File: utf8x.def 2004/10/17 UCS: Input encoding UTF-8
)
(/usr/share/texmf/tex/latex/ucs/utf8x.def
File: utf8x.def 2004/10/17 UCS: Input encoding UTF-8
)
(/usr/share/texmf/tex/latex/ucs/utf8x.def
File: utf8x.def 2004/10/17 UCS: Input encoding UTF-8
) [16]
(/usr/share/texmf/tex/latex/ucs/utf8x.def
File: utf8x.def 2004/10/17 UCS: Input encoding UTF-8
) [17] [18] (./protokoll.aux) ) 
Here is how much of TeX's memory you used:
 5864 strings out of 256216
 82618 string characters out of 1917072
 195482 words of memory out of 1500000
 8526 multiletter control sequences out of 10000+200000
 8409 words of font info for 30 fonts, out of 1200000 for 2000
 645 hyphenation exceptions out of 8191
 26i,8n,44p,510b,1349s stack positions out of 5000i,500n,6000p,200000b,15000s
</usr/share/texmf/fonts/type1/bluesky/cm/cmbx10.
pfb></usr/share/texmf/fonts/type1/bluesky/cm/cmbx12.pfb></usr/share/texmf/fonts
/type1/bluesky/cm/cmmi10.pfb></usr/share/texmf/fonts/type1/bluesky/cm/cmmi7.pfb
></usr/share/texmf/fonts/type1/bluesky/cm/cmr10.pfb></usr/share/texmf/fonts/typ
e1/bluesky/cm/cmr12.pfb></usr/share/texmf/fonts/type1/bluesky/cm/cmr17.pfb></us
r/share/texmf/fonts/type1/bluesky/cm/cmr7.pfb></usr/share/texmf/fonts/type1/blu
esky/cm/cmsy10.pfb></usr/share/texmf/fonts/type1/bluesky/cm/cmsy7.pfb></usr/sha
re/texmf/fonts/type1/bluesky/cm/cmti10.pfb></usr/share/texmf/fonts/type1/bluesk
y/cm/cmtt10.pfb>
Output written on protokoll.pdf (18 pages, 292066 bytes).
PDF statistics:
 860 PDF objects out of 1000 (max. 8388607)
 536 named destinations out of 1000 (max. 131072)
 213 words of extra memory for PDF output out of 10000 (max. 10000000)

